<?xml version="1.0" encoding="UTF-8"?>
<testsuite name="hello.controller.NotFoundResourceTest" tests="1" skipped="0" failures="0" errors="0" timestamp="2018-04-23T15:40:54" hostname="Kristins-MacBook-Pro.local" time="0.609">
  <properties/>
  <testcase name="getWhenPathIsNotMappedShouldReturn404" classname="hello.controller.NotFoundResourceTest" time="0.609"/>
  <system-out><![CDATA[]]></system-out>
  <system-err><![CDATA[]]></system-err>
</testsuite>
