<?xml version="1.0" encoding="UTF-8"?>
<testsuite name="hello.controller.AssetsTest" tests="2" skipped="0" failures="0" errors="0" timestamp="2018-04-23T15:40:56" hostname="Kristins-MacBook-Pro.local" time="0.021">
  <properties/>
  <testcase name="getJavaScriptShouldReturn200" classname="hello.controller.AssetsTest" time="0.013"/>
  <testcase name="getCssShouldReturn200" classname="hello.controller.AssetsTest" time="0.008"/>
  <system-out><![CDATA[]]></system-out>
  <system-err><![CDATA[]]></system-err>
</testsuite>
