<?xml version="1.0" encoding="UTF-8"?>
<testsuite name="suite.IntegrationTestSuite" tests="0" skipped="0" failures="0" errors="0" timestamp="1970-01-01T00:00:00" hostname="Kristins-MacBook-Pro.local" time="0.0">
  <properties/>
  <system-out><![CDATA[2018-04-23T10:40:53,005 DEBUG Test worker container.ServletContainerFactory:80 - Web App location: file:/Users/tommackenzie/Documents/workspace/otter/example/src/main/webapp
2018-04-23T10:40:53,019 DEBUG Test worker container.ServletContainerFactory:81 - Compiled Class path: file:/Users/tommackenzie/Documents/workspace/otter/example/build/classes/java/main/
2018-04-23T10:40:53,152 DEBUG Test worker container.ServletContainerFactory:94 - Not a war file
]]></system-out>
  <system-err><![CDATA[[Test worker] INFO org.eclipse.jetty.util.log - Logging initialized @2063ms to org.eclipse.jetty.util.log.Slf4jLog
[Test worker] INFO org.eclipse.jetty.server.Server - jetty-9.4.9.v20180320; built: 2018-03-20T07:21:10-05:00; git: 1f8159b1e4a42d3f79997021ea1609f2fbac6de5; jvm 9.0.4+11
[Test worker] INFO org.eclipse.jetty.annotations.AnnotationConfiguration - Scanning elapsed time=52ms
[Test worker] INFO org.eclipse.jetty.server.handler.ContextHandler.ROOT - Warning: No org.apache.tomcat.JarScanner set in ServletContext. Falling back to default JarScanner implementation.
[Test worker] INFO org.apache.jasper.servlet.TldScanner - At least one JAR was scanned for TLDs yet contained no TLDs. Enable debug logging for this logger for a complete list of JARs that were scanned but no TLDs were found in them. Skipping unneeded JARs during scanning can improve startup time and JSP compilation time.
[Test worker] INFO org.eclipse.jetty.server.session - DefaultSessionIdManager workerName=node0
[Test worker] INFO org.eclipse.jetty.server.session - No SessionScavenger set, using defaults
[Test worker] INFO org.eclipse.jetty.server.session - Scavenging every 600000ms
[Test worker] INFO org.eclipse.jetty.server.handler.ContextHandler - Started o.e.j.w.WebAppContext@49adeafd{/,file:///Users/tommackenzie/Documents/workspace/otter/example/src/main/webapp/,AVAILABLE}
[Test worker] INFO org.eclipse.jetty.server.AbstractNCSARequestLog - Opened /Users/tommackenzie/Documents/workspace/otter/example/logs/jetty/jetty-test-2018_04_23.request.log
[Test worker] INFO org.eclipse.jetty.server.AbstractConnector - Started ServerConnector@5be54e{HTTP/1.1,[http/1.1]}{0.0.0.0:62250}
org.eclipse.jetty.server.Server@18e9fb86[9.4.9.v20180320] - STARTING
 += QueuedThreadPool[qtp1271118938]@4bc3bc5a{STARTED,8<=8<=200,i=5,q=0} - STARTED
 |   += ReservedThreadExecutor@4acec91b{s=0/4,p=0} - STARTED
 |   +> 16 qtp1271118938-16 IDLE TIMED_WAITING @ java.base@9.0.4/jdk.internal.misc.Unsafe.park(Native Method)
 |   +> 18 qtp1271118938-18 IDLE TIMED_WAITING @ java.base@9.0.4/jdk.internal.misc.Unsafe.park(Native Method)
 |   +> 20 qtp1271118938-20 SELECTING RUNNABLE @ java.base@9.0.4/sun.nio.ch.KQueueArrayWrapper.kevent0(Native Method)
 |   +> 15 qtp1271118938-15 IDLE TIMED_WAITING @ java.base@9.0.4/jdk.internal.misc.Unsafe.park(Native Method)
 |   +> 19 qtp1271118938-19 SELECTING RUNNABLE @ java.base@9.0.4/sun.nio.ch.KQueueArrayWrapper.kevent0(Native Method)
 |   +> 21 qtp1271118938-21-acceptor-0@e9c1aed-ServerConnector@5be54e{HTTP/1.1,[http/1.1]}{0.0.0.0:62250} ACCEPTING RUNNABLE @ java.base@9.0.4/sun.nio.ch.ServerSocketChannelImpl.accept0(Native Method) prio=3
 |   +> 17 qtp1271118938-17 IDLE TIMED_WAITING @ java.base@9.0.4/jdk.internal.misc.Unsafe.park(Native Method)
 |   +> 22 qtp1271118938-22 IDLE TIMED_WAITING @ java.base@9.0.4/jdk.internal.misc.Unsafe.park(Native Method)
 |   +> jobs - size=0
 += o.e.j.w.WebAppContext@49adeafd{/,file:///Users/tommackenzie/Documents/workspace/otter/example/src/main/webapp/,AVAILABLE} - STARTED
 |   += org.eclipse.jetty.servlet.ErrorPageErrorHandler@48fdd218 - STARTED
 |   += org.eclipse.jetty.server.session.SessionHandler1466440562==dftMaxIdleSec=1800 - STARTED
 |   |   += org.eclipse.jetty.security.ConstraintSecurityHandler@77b42055 - STARTED
 |   |   |   +- org.eclipse.jetty.security.DefaultAuthenticatorFactory@4b0ea9a9
 |   |   |   += org.eclipse.jetty.servlet.ServletHandler@6d45cfc2 - STARTED
 |   |   |   |   += jsp@19c47==org.eclipse.jetty.jsp.JettyJspServlet,jsp=null,order=0,inst=true - STARTED
 |   |   |   |   |   +- fork=false
 |   |   |   |   |   +- logVerbosityLevel=DEBUG
 |   |   |   |   |   +- xpoweredBy=false
 |   |   |   |   |   +- compilerSourceVM=1.7
 |   |   |   |   |   +- compilerTargetVM=1.7
 |   |   |   |   |   +- async-supported=true
 |   |   |   |   |   +- scratchdir=/private/var/folders/qt/v545pzq92v1csvqx8x8brd4c0000gp/T/jetty-0.0.0.0-0-webapp-_-any-3236944368587776684.dir/jsp
 |   |   |   |   += default@5c13d641==org.eclipse.jetty.servlet.DefaultServlet,jsp=null,order=0,inst=true - STARTED
 |   |   |   |   |   +- resourceBase=file:///Users/tommackenzie/Documents/workspace/otter/example/src/main/webapp//public/
 |   |   |   |   |   +- aliases=false
 |   |   |   |   |   +- dirAllowed=true
 |   |   |   |   |   +- maxCacheSize=256000000
 |   |   |   |   |   +- maxCachedFileSize=200000000
 |   |   |   |   |   +- welcomeServlets=false
 |   |   |   |   |   +- useFileMappedBuffer=true
 |   |   |   |   |   +- acceptRanges=true
 |   |   |   |   |   +- etags=false
 |   |   |   |   |   +- maxCachedFiles=2048
 |   |   |   |   |   +- redirectWelcome=false
 |   |   |   |   += org.rootservices.otter.servlet.EntryFilter-2c5874d8 - STARTED
 |   |   |   |   +- [/*]/[]==1=>org.rootservices.otter.servlet.EntryFilter-2c5874d8
 |   |   |   |   += org.eclipse.jetty.servlet.ListenerHolder@7a61ea93 - STARTED
 |   |   |   |   += org.eclipse.jetty.servlet.ListenerHolder@2c81db02 - STARTED
 |   |   |   |   +- [/]=>default
 |   |   |   |   +- [*.jsp, *.jspf, *.jspx, *.xsp, *.JSP, *.JSPF, *.JSPX, *.XSP]=>jsp
 |   |   |   |   += AppEntryServlet@b2e2ba14==hello.config.AppEntryServlet,jsp=null,order=-1,inst=false - STARTED
 |   |   |   |   +- [/app/*]=>AppEntryServlet
 |   |   |   +> null
 |   |   |   +> null
 |   |   |   +> null
 |   |   |   +> []
 |   |   |   +> /={TRACE={RoleInfo,F,C[],None}, TRACE.omission={RoleInfo[],None}}
 |   |   += org.eclipse.jetty.server.session.DefaultSessionCache@127c7cda[evict=-1,removeUnloadable=false,saveOnCreate=false,saveOnInactiveEvict=false] - STARTED
 |   |   |   += org.eclipse.jetty.server.session.NullSessionDataStore@51848a88[passivating=false,graceSec=3600] - STARTED
 |   |   +~ org.eclipse.jetty.server.session.DefaultSessionIdManager@24c4c759[worker=node0] - STARTED
 |   += org.eclipse.jetty.annotations.ServletContainerInitializersStarter@6bf5108 - STARTED
 |   +> jdk.internal.loader.ClassLoaders$AppClassLoader@484b61fc
 |   |   +- jdk.internal.loader.ClassLoaders$PlatformClassLoader@707f7052
 |   +> Systemclasses o.e.j.w.WebAppContext@49adeafd{/,file:///Users/tommackenzie/Documents/workspace/otter/example/src/main/webapp/,AVAILABLE}
 |   |   +- java.
 |   |   +- javax.
 |   |   +- org.eclipse.jetty.continuation.
 |   |   +- org.eclipse.jetty.jaas.
 |   |   +- org.eclipse.jetty.jmx.
 |   |   +- org.eclipse.jetty.jndi.
 |   |   +- org.eclipse.jetty.jsp.JettyJspServlet
 |   |   +- org.eclipse.jetty.servlet.DefaultServlet
 |   |   +- org.eclipse.jetty.servlets.PushCacheFilter
 |   |   +- org.eclipse.jetty.servlets.PushSessionCacheFilter
 |   |   +- org.eclipse.jetty.util.annotation.
 |   |   +- org.eclipse.jetty.util.log.
 |   |   +- org.eclipse.jetty.websocket.
 |   |   +- org.w3c.
 |   |   +- org.xml.
 |   +> Serverclasses o.e.j.w.WebAppContext@49adeafd{/,file:///Users/tommackenzie/Documents/workspace/otter/example/src/main/webapp/,AVAILABLE}
 |   |   +- -org.eclipse.jetty.alpn.
 |   |   +- -org.eclipse.jetty.apache.
 |   |   +- -org.eclipse.jetty.continuation.
 |   |   +- -org.eclipse.jetty.jaas.
 |   |   +- -org.eclipse.jetty.jmx.
 |   |   +- -org.eclipse.jetty.jndi.
 |   |   +- -org.eclipse.jetty.jsp.
 |   |   +- -org.eclipse.jetty.server.session.SessionData
 |   |   +- -org.eclipse.jetty.servlet.DefaultServlet
 |   |   +- -org.eclipse.jetty.servlet.NoJspServlet
 |   |   +- -org.eclipse.jetty.servlet.listener.
 |   |   +- -org.eclipse.jetty.servlets.
 |   |   +- -org.eclipse.jetty.util.annotation.
 |   |   +- -org.eclipse.jetty.util.log.
 |   |   +- -org.eclipse.jetty.websocket.
 |   |   +- org.eclipse.jdt.
 |   |   +- org.eclipse.jetty.
 |   |   +- org.objectweb.asm.
 |   +> Configurations o.e.j.w.WebAppContext@49adeafd{/,file:///Users/tommackenzie/Documents/workspace/otter/example/src/main/webapp/,AVAILABLE}
 |   |   +- org.eclipse.jetty.webapp.WebInfConfiguration@775467a9
 |   |   +- org.eclipse.jetty.webapp.WebXmlConfiguration@2f17301
 |   |   +- org.eclipse.jetty.annotations.AnnotationConfiguration@d8209
 |   +> Handler attributes o.e.j.w.WebAppContext@49adeafd{/,file:///Users/tommackenzie/Documents/workspace/otter/example/src/main/webapp/,AVAILABLE}
 |   |   +- javax.servlet.context.tempdir=/private/var/folders/qt/v545pzq92v1csvqx8x8brd4c0000gp/T/jetty-0.0.0.0-0-webapp-_-any-3236944368587776684.dir
 |   |   +- org.eclipse.jetty.server.webapp.ContainerIncludeJarPattern=.*/[^/]*servlet-api-[^/]*\.jar$|.*/javax.servlet.jsp.jstl-.*\.jar$|.*/[^/]*taglibs.*\.jar$
 |   |   +- org.eclipse.jetty.server.Executor=QueuedThreadPool[qtp1271118938]@4bc3bc5a{STARTED,8<=8<=200,i=5,q=0}
 |   |   +- org.eclipse.jetty.containerInitializerStarter=org.eclipse.jetty.annotations.ServletContainerInitializersStarter@6bf5108
 |   +> Context attributes o.e.j.w.WebAppContext@49adeafd{/,file:///Users/tommackenzie/Documents/workspace/otter/example/src/main/webapp/,AVAILABLE}
 |   |   +- org.eclipse.jetty.util.DecoratedObjectFactory=org.eclipse.jetty.util.DecoratedObjectFactory[decorators=2]
 |   |   +- resourceCache=ResourceCache[null,org.eclipse.jetty.servlet.DefaultServlet@287bfd0f]@563866234
 |   |   +- org.apache.tomcat.InstanceManager=org.apache.tomcat.SimpleInstanceManager@4dea298a
 |   |   +- org.apache.jasper.compiler.TldCache=org.apache.jasper.compiler.TldCache@4c5fa0a
 |   +> Initparams o.e.j.w.WebAppContext@49adeafd{/,file:///Users/tommackenzie/Documents/workspace/otter/example/src/main/webapp/,AVAILABLE}
 |       +- org.eclipse.jetty.servlet.Default.dirAllowed=false
 += ServerConnector@5be54e{HTTP/1.1,[http/1.1]}{0.0.0.0:62250} - STARTED
 |   +~ org.eclipse.jetty.server.Server@18e9fb86[9.4.9.v20180320] - STARTING
 |   +~ QueuedThreadPool[qtp1271118938]@4bc3bc5a{STARTED,8<=8<=200,i=5,q=0} - STARTED
 |   += org.eclipse.jetty.util.thread.ScheduledExecutorScheduler@60ecca57 - STARTED
 |   +- org.eclipse.jetty.io.ArrayByteBufferPool@73a1ec18
 |   += HttpConnectionFactory@4e1f7893[HTTP/1.1] - STARTED
 |   |   +- HttpConfiguration@d17002c{32768/8192,8192/8192,https://:0,[]}
 |   += SelectorManager@ServerConnector@5be54e{HTTP/1.1,[http/1.1]}{0.0.0.0:62250} - STARTED
 |   |   += org.eclipse.jetty.io.ManagedSelector@30e4e720 id=0 keys=0 selected=0 updates=0 - STARTED
 |   |   |   += EatWhatYouKill@78128b06/SelectorProducer@4c8649a1/PRODUCING/p=false/QueuedThreadPool[qtp1271118938]@4bc3bc5a{STARTED,8<=8<=200,i=5,q=0}[pc=0,pic=0,pec=0,epc=0]@2018-04-23T10:40:54.084384-05:00 - STARTED
 |   |   |   |   +- SelectorProducer@4c8649a1
 |   |   |   |   +~ QueuedThreadPool[qtp1271118938]@4bc3bc5a{STARTED,8<=8<=200,i=5,q=0} - STARTED
 |   |   |   +> updates @ 2018-04-23T10:40:54.072754-05:00
 |   |   |   +> keys @ 2018-04-23T10:40:54.07848-05:00
 |   |   |       +- sun.nio.ch.KQueueSelectorImpl@40588366 keys=0
 |   |   += org.eclipse.jetty.io.ManagedSelector@1e9604f4 id=1 keys=0 selected=0 updates=0 - STARTED
 |   |       += EatWhatYouKill@6edc90ca/SelectorProducer@3b1d3e3d/PRODUCING/p=false/QueuedThreadPool[qtp1271118938]@4bc3bc5a{STARTED,8<=8<=200,i=5,q=0}[pc=0,pic=0,pec=0,epc=0]@2018-04-23T10:40:54.088499-05:00 - STARTED
 |   |       |   +- SelectorProducer@3b1d3e3d
 |   |       |   +~ QueuedThreadPool[qtp1271118938]@4bc3bc5a{STARTED,8<=8<=200,i=5,q=0} - STARTED
 |   |       +> updates @ 2018-04-23T10:40:54.087034-05:00
 |   |       +> keys @ 2018-04-23T10:40:54.087354-05:00
 |   |           +- sun.nio.ch.KQueueSelectorImpl@387dc6b7 keys=0
 |   +- sun.nio.ch.ServerSocketChannelImpl[/0:0:0:0:0:0:0:0:62250]
 |   +- qtp1271118938-21-acceptor-0@e9c1aed-ServerConnector@5be54e{HTTP/1.1,[http/1.1]}{0.0.0.0:62250}
 += org.eclipse.jetty.server.NCSARequestLog@4528a3be - STARTED
 += org.eclipse.jetty.server.handler.ErrorHandler@6bb7be4b - STARTED
 += org.eclipse.jetty.server.session.DefaultSessionIdManager@24c4c759[worker=node0] - STARTED
 |   += org.eclipse.jetty.server.session.HouseKeeper@61e72937[interval=600000, ownscheduler=true] - STARTED
 +> jdk.internal.loader.ClassLoaders$AppClassLoader@484b61fc
     +- jdk.internal.loader.ClassLoaders$PlatformClassLoader@707f7052
[Test worker] INFO org.eclipse.jetty.server.Server - Started @3088ms
[Test worker] INFO org.eclipse.jetty.server.AbstractConnector - Stopped ServerConnector@5be54e{HTTP/1.1,[http/1.1]}{0.0.0.0:0}
[Test worker] INFO org.eclipse.jetty.server.session - Stopped scavenging
[Test worker] INFO org.eclipse.jetty.server.handler.ContextHandler - Stopped o.e.j.w.WebAppContext@49adeafd{/,file:///Users/tommackenzie/Documents/workspace/otter/example/src/main/webapp/,UNAVAILABLE}
]]></system-err>
</testsuite>
