<?xml version="1.0" encoding="UTF-8"?>
<testsuite name="hello.controller.LoginSessionResourceTest" tests="4" skipped="0" failures="0" errors="0" timestamp="2018-04-23T15:40:56" hostname="Kristins-MacBook-Pro.local" time="0.155">
  <properties/>
  <testcase name="postShouldReturn200" classname="hello.controller.LoginSessionResourceTest" time="0.125"/>
  <testcase name="postWhenNoCsrfCookieShouldReturn403" classname="hello.controller.LoginSessionResourceTest" time="0.006"/>
  <testcase name="postWhenNoSessionCookieShouldReturn401" classname="hello.controller.LoginSessionResourceTest" time="0.015"/>
  <testcase name="getShouldReturn200" classname="hello.controller.LoginSessionResourceTest" time="0.008"/>
  <system-out><![CDATA[2018-04-23T10:40:56,289 DEBUG qtp1271118938-16 between.EncryptSession:81 - Not re-encrypting session cookie
2018-04-23T10:40:56,375 DEBUG qtp1271118938-16 async.OtterAsyncListener:23 - Async Done: GET /WEB-INF/jsp/login-with-session.jsp
2018-04-23T10:40:56,404 DEBUG qtp1271118938-17 between.EncryptSession:81 - Not re-encrypting session cookie
2018-04-23T10:40:56,407 DEBUG qtp1271118938-17 async.OtterAsyncListener:23 - Async Done: POST /WEB-INF/jsp/login-with-session.jsp
2018-04-23T10:40:56,412 DEBUG qtp1271118938-16 servlet.ServletGateway:61 - CSRF failed
org.rootservices.otter.router.exception.CsrfException: CSRF failed
	at org.rootservices.otter.security.csrf.between.CheckCSRF.process(CheckCSRF.java:47) ~[otter-1.3-SNAPSHOT.jar:?]
	at org.rootservices.otter.router.Engine.executeBetween(Engine.java:86) ~[otter-1.3-SNAPSHOT.jar:?]
	at org.rootservices.otter.router.Engine.executeResourceMethod(Engine.java:49) ~[otter-1.3-SNAPSHOT.jar:?]
	at org.rootservices.otter.router.Engine.route(Engine.java:32) ~[otter-1.3-SNAPSHOT.jar:?]
	at org.rootservices.otter.gateway.servlet.ServletGateway.processRequest(ServletGateway.java:56) [otter-1.3-SNAPSHOT.jar:?]
	at org.rootservices.otter.servlet.async.ReadListenerImpl.onAllDataRead(ReadListenerImpl.java:48) [otter-1.3-SNAPSHOT.jar:?]
	at org.eclipse.jetty.server.HttpInput.run(HttpInput.java:894) [jetty-server-9.4.9.v20180320.jar:9.4.9.v20180320]
	at org.eclipse.jetty.server.handler.ContextHandler.handle(ContextHandler.java:1339) [jetty-server-9.4.9.v20180320.jar:9.4.9.v20180320]
	at org.eclipse.jetty.server.HttpChannel.handle(HttpChannel.java:454) [jetty-server-9.4.9.v20180320.jar:9.4.9.v20180320]
	at org.eclipse.jetty.server.HttpConnection.onFillable(HttpConnection.java:260) [jetty-server-9.4.9.v20180320.jar:9.4.9.v20180320]
	at org.eclipse.jetty.io.AbstractConnection$ReadCallback.succeeded(AbstractConnection.java:281) [jetty-io-9.4.9.v20180320.jar:9.4.9.v20180320]
	at org.eclipse.jetty.io.FillInterest.fillable(FillInterest.java:102) [jetty-io-9.4.9.v20180320.jar:9.4.9.v20180320]
	at org.eclipse.jetty.io.ChannelEndPoint$2.run(ChannelEndPoint.java:118) [jetty-io-9.4.9.v20180320.jar:9.4.9.v20180320]
	at org.eclipse.jetty.util.thread.strategy.EatWhatYouKill.doProduce(EatWhatYouKill.java:319) [jetty-util-9.4.9.v20180320.jar:9.4.9.v20180320]
	at org.eclipse.jetty.util.thread.strategy.EatWhatYouKill.tryProduce(EatWhatYouKill.java:175) [jetty-util-9.4.9.v20180320.jar:9.4.9.v20180320]
	at org.eclipse.jetty.util.thread.strategy.EatWhatYouKill.run(EatWhatYouKill.java:133) [jetty-util-9.4.9.v20180320.jar:9.4.9.v20180320]
	at org.eclipse.jetty.util.thread.ReservedThreadExecutor$ReservedThread.run(ReservedThreadExecutor.java:366) [jetty-util-9.4.9.v20180320.jar:9.4.9.v20180320]
	at org.eclipse.jetty.util.thread.QueuedThreadPool.runJob(QueuedThreadPool.java:754) [jetty-util-9.4.9.v20180320.jar:9.4.9.v20180320]
	at org.eclipse.jetty.util.thread.QueuedThreadPool$2.run(QueuedThreadPool.java:672) [jetty-util-9.4.9.v20180320.jar:9.4.9.v20180320]
	at java.lang.Thread.run(Thread.java:844) [?:?]
2018-04-23T10:40:56,414 DEBUG qtp1271118938-16 async.OtterAsyncListener:23 - Async Done: POST /app/login-with-session
2018-04-23T10:40:56,418 DEBUG qtp1271118938-17 between.EncryptSession:81 - Not re-encrypting session cookie
2018-04-23T10:40:56,421 DEBUG qtp1271118938-17 async.OtterAsyncListener:23 - Async Done: GET /WEB-INF/jsp/login-with-session.jsp
2018-04-23T10:40:56,427 DEBUG qtp1271118938-16 servlet.ServletGateway:61 - session cookie not present.
org.rootservices.otter.router.exception.HaltException: session cookie not present.
	at org.rootservices.otter.security.session.between.DecryptSession.process(DecryptSession.java:74) ~[otter-1.3-SNAPSHOT.jar:?]
	at org.rootservices.otter.router.Engine.executeBetween(Engine.java:86) ~[otter-1.3-SNAPSHOT.jar:?]
	at org.rootservices.otter.router.Engine.executeResourceMethod(Engine.java:49) ~[otter-1.3-SNAPSHOT.jar:?]
	at org.rootservices.otter.router.Engine.route(Engine.java:32) ~[otter-1.3-SNAPSHOT.jar:?]
	at org.rootservices.otter.gateway.servlet.ServletGateway.processRequest(ServletGateway.java:56) [otter-1.3-SNAPSHOT.jar:?]
	at org.rootservices.otter.servlet.async.ReadListenerImpl.onAllDataRead(ReadListenerImpl.java:48) [otter-1.3-SNAPSHOT.jar:?]
	at org.eclipse.jetty.server.HttpInput.run(HttpInput.java:894) [jetty-server-9.4.9.v20180320.jar:9.4.9.v20180320]
	at org.eclipse.jetty.server.handler.ContextHandler.handle(ContextHandler.java:1339) [jetty-server-9.4.9.v20180320.jar:9.4.9.v20180320]
	at org.eclipse.jetty.server.HttpChannel.handle(HttpChannel.java:454) [jetty-server-9.4.9.v20180320.jar:9.4.9.v20180320]
	at org.eclipse.jetty.server.HttpConnection.onFillable(HttpConnection.java:260) [jetty-server-9.4.9.v20180320.jar:9.4.9.v20180320]
	at org.eclipse.jetty.io.AbstractConnection$ReadCallback.succeeded(AbstractConnection.java:281) [jetty-io-9.4.9.v20180320.jar:9.4.9.v20180320]
	at org.eclipse.jetty.io.FillInterest.fillable(FillInterest.java:102) [jetty-io-9.4.9.v20180320.jar:9.4.9.v20180320]
	at org.eclipse.jetty.io.ChannelEndPoint$2.run(ChannelEndPoint.java:118) [jetty-io-9.4.9.v20180320.jar:9.4.9.v20180320]
	at org.eclipse.jetty.util.thread.strategy.EatWhatYouKill.doProduce(EatWhatYouKill.java:319) [jetty-util-9.4.9.v20180320.jar:9.4.9.v20180320]
	at org.eclipse.jetty.util.thread.strategy.EatWhatYouKill.tryProduce(EatWhatYouKill.java:175) [jetty-util-9.4.9.v20180320.jar:9.4.9.v20180320]
	at org.eclipse.jetty.util.thread.strategy.EatWhatYouKill.run(EatWhatYouKill.java:133) [jetty-util-9.4.9.v20180320.jar:9.4.9.v20180320]
	at org.eclipse.jetty.util.thread.ReservedThreadExecutor$ReservedThread.run(ReservedThreadExecutor.java:366) [jetty-util-9.4.9.v20180320.jar:9.4.9.v20180320]
	at org.eclipse.jetty.util.thread.QueuedThreadPool.runJob(QueuedThreadPool.java:754) [jetty-util-9.4.9.v20180320.jar:9.4.9.v20180320]
	at org.eclipse.jetty.util.thread.QueuedThreadPool$2.run(QueuedThreadPool.java:672) [jetty-util-9.4.9.v20180320.jar:9.4.9.v20180320]
	at java.lang.Thread.run(Thread.java:844) [?:?]
2018-04-23T10:40:56,429 DEBUG qtp1271118938-16 async.OtterAsyncListener:23 - Async Done: POST /app/login-with-session
2018-04-23T10:40:56,435 DEBUG qtp1271118938-17 between.EncryptSession:81 - Not re-encrypting session cookie
2018-04-23T10:40:56,437 DEBUG qtp1271118938-17 async.OtterAsyncListener:23 - Async Done: GET /WEB-INF/jsp/login-with-session.jsp
]]></system-out>
  <system-err><![CDATA[]]></system-err>
</testsuite>
