<?xml version="1.0" encoding="UTF-8"?>
<testsuite name="hello.controller.HelloRestResourceTest" tests="2" skipped="0" failures="0" errors="0" timestamp="2018-04-23T15:40:55" hostname="Kristins-MacBook-Pro.local" time="0.07">
  <properties/>
  <testcase name="postShouldReturn201" classname="hello.controller.HelloRestResourceTest" time="0.065"/>
  <testcase name="getShouldReturn200" classname="hello.controller.HelloRestResourceTest" time="0.005"/>
  <system-out><![CDATA[2018-04-23T10:40:55,984 DEBUG qtp1271118938-20 async.OtterAsyncListener:23 - Async Done: POST /app/rest/hello
2018-04-23T10:40:55,990 DEBUG qtp1271118938-17 async.OtterAsyncListener:23 - Async Done: GET /app/rest/hello
]]></system-out>
  <system-err><![CDATA[]]></system-err>
</testsuite>
