<?xml version="1.0" encoding="UTF-8"?>
<testsuite name="org.rootservices.otter.security.csrf.filter.CsrfPreventionFilterTest" tests="2" skipped="0" failures="0" errors="0" timestamp="2018-04-23T13:03:50" hostname="Kristins-MBP" time="0.011">
  <properties/>
  <testcase name="doFilterShouldBeOk" classname="org.rootservices.otter.security.csrf.filter.CsrfPreventionFilterTest" time="0.009"/>
  <testcase name="doFilterShouldSendError" classname="org.rootservices.otter.security.csrf.filter.CsrfPreventionFilterTest" time="0.002"/>
  <system-out><![CDATA[]]></system-out>
  <system-err><![CDATA[]]></system-err>
</testsuite>
