<?xml version="1.0" encoding="UTF-8"?>
<testsuite name="org.rootservices.otter.controller.ResourceTest" tests="8" skipped="0" failures="0" errors="0" timestamp="2018-04-23T15:40:59" hostname="Kristins-MacBook-Pro.local" time="0.004">
  <properties/>
  <testcase name="traceShouldNotBeImplemented" classname="org.rootservices.otter.controller.ResourceTest" time="0.0"/>
  <testcase name="putShouldNotBeImplemented" classname="org.rootservices.otter.controller.ResourceTest" time="0.0"/>
  <testcase name="optionsShouldNotBeImplemented" classname="org.rootservices.otter.controller.ResourceTest" time="0.001"/>
  <testcase name="postShouldNotBeImplemented" classname="org.rootservices.otter.controller.ResourceTest" time="0.0"/>
  <testcase name="connectShouldNotBeImplemented" classname="org.rootservices.otter.controller.ResourceTest" time="0.0"/>
  <testcase name="deleteShouldNotBeImplemented" classname="org.rootservices.otter.controller.ResourceTest" time="0.0"/>
  <testcase name="getShouldNotBeImplemented" classname="org.rootservices.otter.controller.ResourceTest" time="0.0"/>
  <testcase name="patchShouldNotBeImplemented" classname="org.rootservices.otter.controller.ResourceTest" time="0.0"/>
  <system-out><![CDATA[]]></system-out>
  <system-err><![CDATA[]]></system-err>
</testsuite>
