<?xml version="1.0" encoding="UTF-8"?>
<testsuite name="org.rootservices.otter.controller.builder.ResponseBuilderTest" tests="11" skipped="0" failures="0" errors="0" timestamp="2018-04-23T15:40:59" hostname="Kristins-MacBook-Pro.local" time="0.01">
  <properties/>
  <testcase name="cookiesShouldBeOk" classname="org.rootservices.otter.controller.builder.ResponseBuilderTest" time="0.002"/>
  <testcase name="badRequestShouldBeOk" classname="org.rootservices.otter.controller.builder.ResponseBuilderTest" time="0.003"/>
  <testcase name="templateShouldBeOk" classname="org.rootservices.otter.controller.builder.ResponseBuilderTest" time="0.0"/>
  <testcase name="serverErrorShouldBeOk" classname="org.rootservices.otter.controller.builder.ResponseBuilderTest" time="0.0"/>
  <testcase name="notImplementedShouldBeOk" classname="org.rootservices.otter.controller.builder.ResponseBuilderTest" time="0.001"/>
  <testcase name="bodyShouldBeOk" classname="org.rootservices.otter.controller.builder.ResponseBuilderTest" time="0.0"/>
  <testcase name="headersShouldBeOk" classname="org.rootservices.otter.controller.builder.ResponseBuilderTest" time="0.001"/>
  <testcase name="presenterShouldBeOk" classname="org.rootservices.otter.controller.builder.ResponseBuilderTest" time="0.0"/>
  <testcase name="notFoundShouldBeOk" classname="org.rootservices.otter.controller.builder.ResponseBuilderTest" time="0.0"/>
  <testcase name="unAuthorizedShouldBeOk" classname="org.rootservices.otter.controller.builder.ResponseBuilderTest" time="0.0"/>
  <testcase name="statusCodeShouldBeOk" classname="org.rootservices.otter.controller.builder.ResponseBuilderTest" time="0.0"/>
  <system-out><![CDATA[]]></system-out>
  <system-err><![CDATA[]]></system-err>
</testsuite>
