<?xml version="1.0" encoding="UTF-8"?>
<testsuite name="org.rootservices.otter.router.DispatcherTest" tests="3" skipped="0" failures="0" errors="0" timestamp="2018-04-23T13:03:50" hostname="Kristins-MBP" time="0.017">
  <properties/>
  <testcase name="findWhenGetAndBarShouldReturnMatch" classname="org.rootservices.otter.router.DispatcherTest" time="0.012"/>
  <testcase name="findWhenGetAndV2ShouldReturnNull" classname="org.rootservices.otter.router.DispatcherTest" time="0.003"/>
  <testcase name="findWhenGetAndBaseContextShouldReturnMatch" classname="org.rootservices.otter.router.DispatcherTest" time="0.002"/>
  <system-out><![CDATA[]]></system-out>
  <system-err><![CDATA[]]></system-err>
</testsuite>
