<?xml version="1.0" encoding="UTF-8"?>
<testsuite name="org.rootservices.otter.gateway.servlet.ServletGatewayTest" tests="22" skipped="0" failures="0" errors="0" timestamp="2018-04-23T15:41:00" hostname="Kristins-MacBook-Pro.local" time="0.1">
  <properties/>
  <testcase name="processRequestResourceNotFoundShouldExecuteNotFound" classname="org.rootservices.otter.gateway.servlet.ServletGatewayTest" time="0.047"/>
  <testcase name="putShouldAddRouteWithEmptyBeforeAfter" classname="org.rootservices.otter.gateway.servlet.ServletGatewayTest" time="0.003"/>
  <testcase name="postCsrfProtectShouldAddRouteWithCsrfBeforeEmptyAfter" classname="org.rootservices.otter.gateway.servlet.ServletGatewayTest" time="0.002"/>
  <testcase name="getShouldAddRouteWithEmptyBeforeAfter" classname="org.rootservices.otter.gateway.servlet.ServletGatewayTest" time="0.002"/>
  <testcase name="deleteShouldAddRouteWithEmptyBeforeAfter" classname="org.rootservices.otter.gateway.servlet.ServletGatewayTest" time="0.002"/>
  <testcase name="traceShouldAddRouteWithEmptyBeforeAfter" classname="org.rootservices.otter.gateway.servlet.ServletGatewayTest" time="0.002"/>
  <testcase name="getCsrfProtectShouldAddRouteWithCsrfBeforeEmptyAfter" classname="org.rootservices.otter.gateway.servlet.ServletGatewayTest" time="0.002"/>
  <testcase name="patchShouldAddRouteWithEmptyBeforeAfter" classname="org.rootservices.otter.gateway.servlet.ServletGatewayTest" time="0.002"/>
  <testcase name="headShouldAddRouteWithEmptyBeforeAfter" classname="org.rootservices.otter.gateway.servlet.ServletGatewayTest" time="0.002"/>
  <testcase name="optionsRouteShouldAddRoute" classname="org.rootservices.otter.gateway.servlet.ServletGatewayTest" time="0.002"/>
  <testcase name="getRouteShouldAddRoute" classname="org.rootservices.otter.gateway.servlet.ServletGatewayTest" time="0.001"/>
  <testcase name="connectRouteShouldAddRoute" classname="org.rootservices.otter.gateway.servlet.ServletGatewayTest" time="0.002"/>
  <testcase name="connectShouldAddRouteWithEmptyBeforeAfter" classname="org.rootservices.otter.gateway.servlet.ServletGatewayTest" time="0.002"/>
  <testcase name="optionsShouldAddRouteWithEmptyBeforeAfter" classname="org.rootservices.otter.gateway.servlet.ServletGatewayTest" time="0.002"/>
  <testcase name="patchRouteShouldAddRoute" classname="org.rootservices.otter.gateway.servlet.ServletGatewayTest" time="0.002"/>
  <testcase name="processRequestResourceFoundShouldBeOk" classname="org.rootservices.otter.gateway.servlet.ServletGatewayTest" time="0.003"/>
  <testcase name="postShouldAddRouteWithEmptyBeforeAfter" classname="org.rootservices.otter.gateway.servlet.ServletGatewayTest" time="0.003"/>
  <testcase name="postRouteShouldAddRoute" classname="org.rootservices.otter.gateway.servlet.ServletGatewayTest" time="0.002"/>
  <testcase name="traceRouteShouldAddRoute" classname="org.rootservices.otter.gateway.servlet.ServletGatewayTest" time="0.002"/>
  <testcase name="headRouteShouldAddRoute" classname="org.rootservices.otter.gateway.servlet.ServletGatewayTest" time="0.001"/>
  <testcase name="deleteRouteShouldAddRoute" classname="org.rootservices.otter.gateway.servlet.ServletGatewayTest" time="0.002"/>
  <testcase name="putRouteShouldAddRoute" classname="org.rootservices.otter.gateway.servlet.ServletGatewayTest" time="0.002"/>
  <system-out><![CDATA[]]></system-out>
  <system-err><![CDATA[]]></system-err>
</testsuite>
