<?xml version="1.0" encoding="UTF-8"?>
<testsuite name="org.rootservices.otter.gateway.servlet.merger.HttpServletResponseMergerTest" tests="5" skipped="0" failures="0" errors="0" timestamp="2018-04-23T13:03:50" hostname="Kristins-MBP" time="0.052">
  <properties/>
  <testcase name="mergeHasHeaders" classname="org.rootservices.otter.gateway.servlet.merger.HttpServletResponseMergerTest" time="0.023"/>
  <testcase name="mergeDeleteCookies" classname="org.rootservices.otter.gateway.servlet.merger.HttpServletResponseMergerTest" time="0.01"/>
  <testcase name="mergeWhenPayloadShouldNotWritePayload" classname="org.rootservices.otter.gateway.servlet.merger.HttpServletResponseMergerTest" time="0.011"/>
  <testcase name="mergeCreateCookies" classname="org.rootservices.otter.gateway.servlet.merger.HttpServletResponseMergerTest" time="0.006"/>
  <testcase name="mergeUpdateCookies" classname="org.rootservices.otter.gateway.servlet.merger.HttpServletResponseMergerTest" time="0.002"/>
  <system-out><![CDATA[]]></system-out>
  <system-err><![CDATA[]]></system-err>
</testsuite>
