<?xml version="1.0" encoding="UTF-8"?>
<testsuite name="org.rootservices.otter.router.RouteBuilderTest" tests="3" skipped="0" failures="0" errors="0" timestamp="2018-04-23T15:41:00" hostname="Kristins-MacBook-Pro.local" time="0.001">
  <properties/>
  <testcase name="pathShouldBeOK" classname="org.rootservices.otter.router.RouteBuilderTest" time="0.0"/>
  <testcase name="resourceShouldBeOK" classname="org.rootservices.otter.router.RouteBuilderTest" time="0.0"/>
  <testcase name="pathAndResourceShouldBeOK" classname="org.rootservices.otter.router.RouteBuilderTest" time="0.0"/>
  <system-out><![CDATA[]]></system-out>
  <system-err><![CDATA[]]></system-err>
</testsuite>
