<?xml version="1.0" encoding="UTF-8"?>
<testsuite name="org.rootservices.otter.router.DispatcherTest" tests="3" skipped="0" failures="0" errors="0" timestamp="2018-04-23T15:41:00" hostname="Kristins-MacBook-Pro.local" time="0.067">
  <properties/>
  <testcase name="findWhenGetAndBarShouldReturnMatch" classname="org.rootservices.otter.router.DispatcherTest" time="0.059"/>
  <testcase name="findWhenGetAndV2ShouldReturnNull" classname="org.rootservices.otter.router.DispatcherTest" time="0.004"/>
  <testcase name="findWhenGetAndBaseContextShouldReturnMatch" classname="org.rootservices.otter.router.DispatcherTest" time="0.004"/>
  <system-out><![CDATA[]]></system-out>
  <system-err><![CDATA[]]></system-err>
</testsuite>
