<?xml version="1.0" encoding="UTF-8"?>
<testsuite name="org.rootservices.otter.gateway.servlet.translator.HttpServletRequestCookieTranslatorTest" tests="2" skipped="0" failures="0" errors="0" timestamp="2018-04-23T13:03:50" hostname="Kristins-MBP" time="0.0">
  <properties/>
  <testcase name="fromShouldTranslateOk" classname="org.rootservices.otter.gateway.servlet.translator.HttpServletRequestCookieTranslatorTest" time="0.0"/>
  <testcase name="toShouldTranslateOk" classname="org.rootservices.otter.gateway.servlet.translator.HttpServletRequestCookieTranslatorTest" time="0.0"/>
  <system-out><![CDATA[]]></system-out>
  <system-err><![CDATA[]]></system-err>
</testsuite>
