<?xml version="1.0" encoding="UTF-8"?>
<testsuite name="integration.test.HelloRestResourceTest" tests="2" skipped="0" failures="0" errors="0" timestamp="2018-04-23T13:03:49" hostname="Kristins-MBP" time="0.106">
  <properties/>
  <testcase name="postShouldReturn201" classname="integration.test.HelloRestResourceTest" time="0.101"/>
  <testcase name="getShouldReturn200" classname="integration.test.HelloRestResourceTest" time="0.004"/>
  <system-out><![CDATA[2018-04-23T08:03:49,249 DEBUG qtp811595527-17 async.OtterAsyncListener:23 - Async Done: POST /app/rest/hello
2018-04-23T08:03:49,254 DEBUG qtp811595527-18 async.OtterAsyncListener:23 - Async Done: GET /app/rest/hello
]]></system-out>
  <system-err><![CDATA[]]></system-err>
</testsuite>
