<?xml version="1.0" encoding="UTF-8"?>
<testsuite name="org.rootservices.otter.controller.builder.RequestBuilderTest" tests="9" skipped="0" failures="0" errors="0" timestamp="2018-04-23T15:40:58" hostname="Kristins-MacBook-Pro.local" time="0.917">
  <properties/>
  <testcase name="buildWhenPayloadShouldBeOk" classname="org.rootservices.otter.controller.builder.RequestBuilderTest" time="0.004"/>
  <testcase name="buildWhenMatcherShouldBeOk" classname="org.rootservices.otter.controller.builder.RequestBuilderTest" time="0.0"/>
  <testcase name="buildWhenCookiesShouldBeOk" classname="org.rootservices.otter.controller.builder.RequestBuilderTest" time="0.905"/>
  <testcase name="buildWhenMethodShouldBeOk" classname="org.rootservices.otter.controller.builder.RequestBuilderTest" time="0.001"/>
  <testcase name="buildWhenQueryParamsShouldBeOk" classname="org.rootservices.otter.controller.builder.RequestBuilderTest" time="0.0"/>
  <testcase name="buildWhenPathWithParamsShouldBeOk" classname="org.rootservices.otter.controller.builder.RequestBuilderTest" time="0.0"/>
  <testcase name="buildWhenFormDataShouldBeOk" classname="org.rootservices.otter.controller.builder.RequestBuilderTest" time="0.0"/>
  <testcase name="buildWhenHeadersShouldBeOk" classname="org.rootservices.otter.controller.builder.RequestBuilderTest" time="0.002"/>
  <testcase name="buildWhenIpAddressShouldBeOk" classname="org.rootservices.otter.controller.builder.RequestBuilderTest" time="0.0"/>
  <system-out><![CDATA[]]></system-out>
  <system-err><![CDATA[]]></system-err>
</testsuite>
