<?xml version="1.0" encoding="UTF-8"?>
<testsuite name="org.rootservices.otter.gateway.servlet.translator.HttpServletRequestTranslatorTest" tests="3" skipped="0" failures="0" errors="0" timestamp="2018-04-23T15:41:00" hostname="Kristins-MacBook-Pro.local" time="0.025">
  <properties/>
  <testcase name="fromWhenPostAndContentTypeIsJsonShouldTranslateOk" classname="org.rootservices.otter.gateway.servlet.translator.HttpServletRequestTranslatorTest" time="0.019"/>
  <testcase name="fromWhenPostAndCookiesAreNullAndContentTypeIsFormUrlEncodedShouldTranslateOk" classname="org.rootservices.otter.gateway.servlet.translator.HttpServletRequestTranslatorTest" time="0.003"/>
  <testcase name="fromWhenCookiesAreNullShouldTranslateOk" classname="org.rootservices.otter.gateway.servlet.translator.HttpServletRequestTranslatorTest" time="0.002"/>
  <system-out><![CDATA[]]></system-out>
  <system-err><![CDATA[]]></system-err>
</testsuite>
