<?xml version="1.0" encoding="UTF-8"?>
<testsuite name="org.rootservices.otter.gateway.servlet.merger.HttpServletResponseMergerTest" tests="5" skipped="0" failures="0" errors="0" timestamp="2018-04-23T15:41:00" hostname="Kristins-MacBook-Pro.local" time="0.081">
  <properties/>
  <testcase name="mergeHasHeaders" classname="org.rootservices.otter.gateway.servlet.merger.HttpServletResponseMergerTest" time="0.034"/>
  <testcase name="mergeDeleteCookies" classname="org.rootservices.otter.gateway.servlet.merger.HttpServletResponseMergerTest" time="0.02"/>
  <testcase name="mergeWhenPayloadShouldNotWritePayload" classname="org.rootservices.otter.gateway.servlet.merger.HttpServletResponseMergerTest" time="0.018"/>
  <testcase name="mergeCreateCookies" classname="org.rootservices.otter.gateway.servlet.merger.HttpServletResponseMergerTest" time="0.006"/>
  <testcase name="mergeUpdateCookies" classname="org.rootservices.otter.gateway.servlet.merger.HttpServletResponseMergerTest" time="0.002"/>
  <system-out><![CDATA[]]></system-out>
  <system-err><![CDATA[]]></system-err>
</testsuite>
