<?xml version="1.0" encoding="UTF-8"?>
<testsuite name="org.rootservices.otter.router.EngineTest" tests="9" skipped="0" failures="0" errors="0" timestamp="2018-04-23T13:03:50" hostname="Kristins-MBP" time="0.016">
  <properties/>
  <testcase name="routeWhenMethodIsPutShouldMatch" classname="org.rootservices.otter.router.EngineTest" time="0.008"/>
  <testcase name="routeWhenGetAndNoMatchedRouteShouldBeEmptyResponse" classname="org.rootservices.otter.router.EngineTest" time="0.0"/>
  <testcase name="routeWhenMethodIsGetShouldMatch" classname="org.rootservices.otter.router.EngineTest" time="0.001"/>
  <testcase name="routeWhenMethodIsPostShouldMatch" classname="org.rootservices.otter.router.EngineTest" time="0.001"/>
  <testcase name="routeWhenMethodIsHeadShouldMatch" classname="org.rootservices.otter.router.EngineTest" time="0.001"/>
  <testcase name="routeWhenMethodIsDeleteShouldMatch" classname="org.rootservices.otter.router.EngineTest" time="0.001"/>
  <testcase name="routeWhenMethodIsConnectShouldMatch" classname="org.rootservices.otter.router.EngineTest" time="0.001"/>
  <testcase name="routeWhenMethodIsTraceShouldMatch" classname="org.rootservices.otter.router.EngineTest" time="0.001"/>
  <testcase name="routeWhenMethodIsOptionsShouldMatch" classname="org.rootservices.otter.router.EngineTest" time="0.001"/>
  <system-out><![CDATA[]]></system-out>
  <system-err><![CDATA[]]></system-err>
</testsuite>
