<?xml version="1.0" encoding="UTF-8"?>
<testsuite name="org.rootservices.otter.translator.JsonTranslatorTest" tests="6" skipped="0" failures="0" errors="0" timestamp="2018-04-23T15:41:01" hostname="Kristins-MacBook-Pro.local" time="0.025">
  <properties/>
  <testcase name="fromShouldThrowInvalidPayloadException" classname="org.rootservices.otter.translator.JsonTranslatorTest" time="0.007"/>
  <testcase name="fromShouldThrowInvalidValueException" classname="org.rootservices.otter.translator.JsonTranslatorTest" time="0.002"/>
  <testcase name="fromShouldBeOk" classname="org.rootservices.otter.translator.JsonTranslatorTest" time="0.005"/>
  <testcase name="fromShouldThrowUnknownKeyException" classname="org.rootservices.otter.translator.JsonTranslatorTest" time="0.001"/>
  <testcase name="fromShouldThrowDuplicateKeyException" classname="org.rootservices.otter.translator.JsonTranslatorTest" time="0.0"/>
  <testcase name="toShouldBeOk" classname="org.rootservices.otter.translator.JsonTranslatorTest" time="0.007"/>
  <system-out><![CDATA[]]></system-out>
  <system-err><![CDATA[]]></system-err>
</testsuite>
