<?xml version="1.0" encoding="UTF-8"?>
<testsuite name="org.rootservices.otter.translator.JsonTranslatorTest" tests="6" skipped="0" failures="0" errors="0" timestamp="2018-04-23T13:03:50" hostname="Kristins-MBP" time="0.023">
  <properties/>
  <testcase name="fromShouldThrowInvalidPayloadException" classname="org.rootservices.otter.translator.JsonTranslatorTest" time="0.006"/>
  <testcase name="fromShouldThrowInvalidValueException" classname="org.rootservices.otter.translator.JsonTranslatorTest" time="0.001"/>
  <testcase name="fromShouldBeOk" classname="org.rootservices.otter.translator.JsonTranslatorTest" time="0.006"/>
  <testcase name="fromShouldThrowUnknownKeyException" classname="org.rootservices.otter.translator.JsonTranslatorTest" time="0.001"/>
  <testcase name="fromShouldThrowDuplicateKeyException" classname="org.rootservices.otter.translator.JsonTranslatorTest" time="0.001"/>
  <testcase name="toShouldBeOk" classname="org.rootservices.otter.translator.JsonTranslatorTest" time="0.006"/>
  <system-out><![CDATA[]]></system-out>
  <system-err><![CDATA[]]></system-err>
</testsuite>
