<?xml version="1.0" encoding="UTF-8"?>
<testsuite name="org.rootservices.otter.authentication.ParseHttpBasicTest" tests="7" skipped="0" failures="0" errors="0" timestamp="2018-04-23T15:40:58" hostname="Kristins-MacBook-Pro.local" time="0.018">
  <properties/>
  <testcase name="testHeaderIsNotBasic" classname="org.rootservices.otter.authentication.ParseHttpBasicTest" time="0.001"/>
  <testcase name="testHeaderIsNull" classname="org.rootservices.otter.authentication.ParseHttpBasicTest" time="0.001"/>
  <testcase name="testRun" classname="org.rootservices.otter.authentication.ParseHttpBasicTest" time="0.012"/>
  <testcase name="testHeaderMissingPassword" classname="org.rootservices.otter.authentication.ParseHttpBasicTest" time="0.001"/>
  <testcase name="testHeaderIsEmpty" classname="org.rootservices.otter.authentication.ParseHttpBasicTest" time="0.0"/>
  <testcase name="testHeaderMissingCredentials" classname="org.rootservices.otter.authentication.ParseHttpBasicTest" time="0.001"/>
  <testcase name="testHeaderHasNoColon" classname="org.rootservices.otter.authentication.ParseHttpBasicTest" time="0.001"/>
  <system-out><![CDATA[]]></system-out>
  <system-err><![CDATA[]]></system-err>
</testsuite>
