<?xml version="1.0" encoding="UTF-8"?>
<testsuite name="org.rootservices.otter.gateway.servlet.translator.HttpServletRequestTranslatorTest" tests="3" skipped="0" failures="0" errors="0" timestamp="2018-04-23T13:03:50" hostname="Kristins-MBP" time="0.02">
  <properties/>
  <testcase name="fromWhenPostAndContentTypeIsJsonShouldTranslateOk" classname="org.rootservices.otter.gateway.servlet.translator.HttpServletRequestTranslatorTest" time="0.014"/>
  <testcase name="fromWhenPostAndCookiesAreNullAndContentTypeIsFormUrlEncodedShouldTranslateOk" classname="org.rootservices.otter.gateway.servlet.translator.HttpServletRequestTranslatorTest" time="0.004"/>
  <testcase name="fromWhenCookiesAreNullShouldTranslateOk" classname="org.rootservices.otter.gateway.servlet.translator.HttpServletRequestTranslatorTest" time="0.002"/>
  <system-out><![CDATA[]]></system-out>
  <system-err><![CDATA[]]></system-err>
</testsuite>
