<?xml version="1.0" encoding="UTF-8"?>
<testsuite name="org.rootservices.otter.server.path.WebAppPathTest" tests="3" skipped="0" failures="0" errors="0" timestamp="2018-04-23T15:41:01" hostname="Kristins-MacBook-Pro.local" time="0.058">
  <properties/>
  <testcase name="fromClassUriWhenMultBuildDirsShouldReturnPathToWebApp" classname="org.rootservices.otter.server.path.WebAppPathTest" time="0.025"/>
  <testcase name="fromClassUriShouldReturnPathToWebApp" classname="org.rootservices.otter.server.path.WebAppPathTest" time="0.031"/>
  <testcase name="fromClassUriWithCustomLocationWhenMultBuildDirsShouldReturnPathToWebApp" classname="org.rootservices.otter.server.path.WebAppPathTest" time="0.001"/>
  <system-out><![CDATA[]]></system-out>
  <system-err><![CDATA[]]></system-err>
</testsuite>
