<?xml version="1.0" encoding="UTF-8"?>
<testsuite name="org.rootservices.otter.controller.entity.ResponseTest" tests="1" skipped="0" failures="0" errors="0" timestamp="2018-04-23T15:40:59" hostname="Kristins-MacBook-Pro.local" time="0.0">
  <properties/>
  <testcase name="getSessionIsEmpty" classname="org.rootservices.otter.controller.entity.ResponseTest" time="0.0"/>
  <system-out><![CDATA[]]></system-out>
  <system-err><![CDATA[]]></system-err>
</testsuite>
