<?xml version="1.0" encoding="UTF-8"?>
<testsuite name="org.rootservices.otter.server.path.CompiledClassPathTest" tests="1" skipped="0" failures="0" errors="0" timestamp="2018-04-23T15:41:01" hostname="Kristins-MacBook-Pro.local" time="0.002">
  <properties/>
  <testcase name="getForClassShouldReturnPathToCompliedClasses" classname="org.rootservices.otter.server.path.CompiledClassPathTest" time="0.002"/>
  <system-out><![CDATA[]]></system-out>
  <system-err><![CDATA[]]></system-err>
</testsuite>
