<?xml version="1.0" encoding="UTF-8"?>
<testsuite name="integration.test.NotFoundResourceTest" tests="1" skipped="0" failures="0" errors="0" timestamp="2018-04-23T13:03:47" hostname="Kristins-MBP" time="0.653">
  <properties/>
  <testcase name="getWhenPathIsNotMappedShouldReturn404" classname="integration.test.NotFoundResourceTest" time="0.653"/>
  <system-out><![CDATA[]]></system-out>
  <system-err><![CDATA[]]></system-err>
</testsuite>
