<?xml version="1.0" encoding="UTF-8"?>
<testsuite name="org.rootservices.otter.authentication.ParseBearerTest" tests="5" skipped="0" failures="0" errors="0" timestamp="2018-04-23T15:40:58" hostname="Kristins-MacBook-Pro.local" time="0.01">
  <properties/>
  <testcase name="testHeaderIsNotBasic" classname="org.rootservices.otter.authentication.ParseBearerTest" time="0.003"/>
  <testcase name="testHeaderIsNull" classname="org.rootservices.otter.authentication.ParseBearerTest" time="0.001"/>
  <testcase name="testRun" classname="org.rootservices.otter.authentication.ParseBearerTest" time="0.004"/>
  <testcase name="testHeaderIsEmpty" classname="org.rootservices.otter.authentication.ParseBearerTest" time="0.0"/>
  <testcase name="testHeaderMissingTokenValue" classname="org.rootservices.otter.authentication.ParseBearerTest" time="0.0"/>
  <system-out><![CDATA[]]></system-out>
  <system-err><![CDATA[]]></system-err>
</testsuite>
