<?xml version="1.0" encoding="UTF-8"?>
<testsuite name="integration.test.LoginResourceTest" tests="3" skipped="0" failures="0" errors="0" timestamp="2018-04-23T13:03:49" hostname="Kristins-MBP" time="0.304">
  <properties/>
  <testcase name="postShouldReturn200" classname="integration.test.LoginResourceTest" time="0.282"/>
  <testcase name="postShouldReturn403" classname="integration.test.LoginResourceTest" time="0.013"/>
  <testcase name="getShouldReturn200" classname="integration.test.LoginResourceTest" time="0.008"/>
  <system-out><![CDATA[2018-04-23T08:03:49,484 DEBUG qtp811595527-17 async.OtterAsyncListener:23 - Async Done: GET /WEB-INF/jsp/login.jsp
2018-04-23T08:03:49,537 DEBUG qtp811595527-18 async.OtterAsyncListener:23 - Async Done: POST /WEB-INF/jsp/login.jsp
2018-04-23T08:03:49,542 DEBUG qtp811595527-17 servlet.ServletGateway:61 - CSRF failed
org.rootservices.otter.router.exception.CsrfException: CSRF failed
	at org.rootservices.otter.security.csrf.between.CheckCSRF.process(CheckCSRF.java:47) ~[main/:?]
	at org.rootservices.otter.router.Engine.executeBetween(Engine.java:86) ~[main/:?]
	at org.rootservices.otter.router.Engine.executeResourceMethod(Engine.java:49) ~[main/:?]
	at org.rootservices.otter.router.Engine.route(Engine.java:32) ~[main/:?]
	at org.rootservices.otter.gateway.servlet.ServletGateway.processRequest(ServletGateway.java:56) [main/:?]
	at org.rootservices.otter.servlet.async.ReadListenerImpl.onAllDataRead(ReadListenerImpl.java:48) [main/:?]
	at org.eclipse.jetty.server.HttpInput.run(HttpInput.java:894) [jetty-server-9.4.9.v20180320.jar:9.4.9.v20180320]
	at org.eclipse.jetty.server.handler.ContextHandler.handle(ContextHandler.java:1339) [jetty-server-9.4.9.v20180320.jar:9.4.9.v20180320]
	at org.eclipse.jetty.server.HttpChannel.handle(HttpChannel.java:454) [jetty-server-9.4.9.v20180320.jar:9.4.9.v20180320]
	at org.eclipse.jetty.server.HttpConnection.onFillable(HttpConnection.java:260) [jetty-server-9.4.9.v20180320.jar:9.4.9.v20180320]
	at org.eclipse.jetty.io.AbstractConnection$ReadCallback.succeeded(AbstractConnection.java:281) [jetty-io-9.4.9.v20180320.jar:9.4.9.v20180320]
	at org.eclipse.jetty.io.FillInterest.fillable(FillInterest.java:102) [jetty-io-9.4.9.v20180320.jar:9.4.9.v20180320]
	at org.eclipse.jetty.io.ChannelEndPoint$2.run(ChannelEndPoint.java:118) [jetty-io-9.4.9.v20180320.jar:9.4.9.v20180320]
	at org.eclipse.jetty.util.thread.strategy.EatWhatYouKill.doProduce(EatWhatYouKill.java:319) [jetty-util-9.4.9.v20180320.jar:9.4.9.v20180320]
	at org.eclipse.jetty.util.thread.strategy.EatWhatYouKill.tryProduce(EatWhatYouKill.java:175) [jetty-util-9.4.9.v20180320.jar:9.4.9.v20180320]
	at org.eclipse.jetty.util.thread.strategy.EatWhatYouKill.run(EatWhatYouKill.java:133) [jetty-util-9.4.9.v20180320.jar:9.4.9.v20180320]
	at org.eclipse.jetty.util.thread.ReservedThreadExecutor$ReservedThread.run(ReservedThreadExecutor.java:366) [jetty-util-9.4.9.v20180320.jar:9.4.9.v20180320]
	at org.eclipse.jetty.util.thread.QueuedThreadPool.runJob(QueuedThreadPool.java:754) [jetty-util-9.4.9.v20180320.jar:9.4.9.v20180320]
	at org.eclipse.jetty.util.thread.QueuedThreadPool$2.run(QueuedThreadPool.java:672) [jetty-util-9.4.9.v20180320.jar:9.4.9.v20180320]
	at java.lang.Thread.run(Thread.java:844) [?:?]
2018-04-23T08:03:49,551 DEBUG qtp811595527-17 async.OtterAsyncListener:23 - Async Done: POST /app/login
2018-04-23T08:03:49,558 DEBUG qtp811595527-18 async.OtterAsyncListener:23 - Async Done: GET /WEB-INF/jsp/login.jsp
]]></system-out>
  <system-err><![CDATA[]]></system-err>
</testsuite>
