<?xml version="1.0" encoding="UTF-8"?>
<testsuite name="org.rootservices.otter.server.path.WebAppPathTest" tests="3" skipped="0" failures="0" errors="0" timestamp="2018-04-23T13:03:50" hostname="Kristins-MBP" time="0.03">
  <properties/>
  <testcase name="fromClassUriWhenMultBuildDirsShouldReturnPathToWebApp" classname="org.rootservices.otter.server.path.WebAppPathTest" time="0.001"/>
  <testcase name="fromClassUriShouldReturnPathToWebApp" classname="org.rootservices.otter.server.path.WebAppPathTest" time="0.028"/>
  <testcase name="fromClassUriWithCustomLocationWhenMultBuildDirsShouldReturnPathToWebApp" classname="org.rootservices.otter.server.path.WebAppPathTest" time="0.001"/>
  <system-out><![CDATA[]]></system-out>
  <system-err><![CDATA[]]></system-err>
</testsuite>
