<?xml version="1.0" encoding="UTF-8"?>
<testsuite name="net.tokensmith.hello.controller.api.v2.BrokenRestResourceTest" tests="5" skipped="0" failures="0" errors="0" timestamp="2019-10-26T16:34:54" hostname="Toms-MBP" time="0.022">
  <properties/>
  <testcase name="putShouldBeDefaultServerError" classname="net.tokensmith.hello.controller.api.v2.BrokenRestResourceTest" time="0.005"/>
  <testcase name="postShouldBeDefaultServerError" classname="net.tokensmith.hello.controller.api.v2.BrokenRestResourceTest" time="0.004"/>
  <testcase name="patchShouldBeDefaultServerError" classname="net.tokensmith.hello.controller.api.v2.BrokenRestResourceTest" time="0.004"/>
  <testcase name="getShouldBeDefaultServerError" classname="net.tokensmith.hello.controller.api.v2.BrokenRestResourceTest" time="0.004"/>
  <testcase name="deleteShouldBeDefaultServerError" classname="net.tokensmith.hello.controller.api.v2.BrokenRestResourceTest" time="0.004"/>
  <system-out><![CDATA[]]></system-out>
  <system-err><![CDATA[[qtp857025988-18] ERROR net.tokensmith.otter.controller.error.rest.ServerErrorRestResource - 
net.tokensmith.otter.dispatch.exception.ServerException: 
	at net.tokensmith.otter.dispatch.json.JsonRouteRun.executeResourceMethod(JsonRouteRun.java:231)
	at net.tokensmith.otter.dispatch.json.JsonRouteRun.process(JsonRouteRun.java:94)
	at net.tokensmith.otter.dispatch.json.JsonRouteRun.run(JsonRouteRun.java:69)
	at net.tokensmith.otter.router.Engine.found(Engine.java:82)
	at net.tokensmith.otter.router.Engine.route(Engine.java:43)
	at net.tokensmith.otter.gateway.servlet.ServletGateway.processRequest(ServletGateway.java:64)
	at net.tokensmith.otter.servlet.async.ReadListenerImpl.onAllDataRead(ReadListenerImpl.java:53)
	at org.eclipse.jetty.server.HttpInput.run(HttpInput.java:895)
	at org.eclipse.jetty.server.handler.ContextHandler.handle(ContextHandler.java:1392)
	at org.eclipse.jetty.server.HttpChannel.handle(HttpChannel.java:476)
	at org.eclipse.jetty.server.HttpConnection.onFillable(HttpConnection.java:268)
	at org.eclipse.jetty.io.AbstractConnection$ReadCallback.succeeded(AbstractConnection.java:311)
	at org.eclipse.jetty.io.FillInterest.fillable(FillInterest.java:103)
	at org.eclipse.jetty.io.ChannelEndPoint$2.run(ChannelEndPoint.java:117)
	at org.eclipse.jetty.util.thread.strategy.EatWhatYouKill.runTask(EatWhatYouKill.java:336)
	at org.eclipse.jetty.util.thread.strategy.EatWhatYouKill.doProduce(EatWhatYouKill.java:313)
	at org.eclipse.jetty.util.thread.strategy.EatWhatYouKill.tryProduce(EatWhatYouKill.java:171)
	at org.eclipse.jetty.util.thread.strategy.EatWhatYouKill.run(EatWhatYouKill.java:129)
	at org.eclipse.jetty.util.thread.ReservedThreadExecutor$ReservedThread.run(ReservedThreadExecutor.java:367)
	at org.eclipse.jetty.util.thread.QueuedThreadPool.runJob(QueuedThreadPool.java:782)
	at org.eclipse.jetty.util.thread.QueuedThreadPool$Runner.run(QueuedThreadPool.java:918)
	at java.base/java.lang.Thread.run(Thread.java:835)
Caused by: java.lang.RuntimeException: unexpected error
	at net.tokensmith.hello.controller.api.v2.BrokenRestResourceV2.get(BrokenRestResourceV2.java:14)
	at net.tokensmith.otter.dispatch.json.JsonRouteRun.execute(JsonRouteRun.java:257)
	at net.tokensmith.otter.dispatch.json.JsonRouteRun.executeResourceMethod(JsonRouteRun.java:205)
	... 21 more
[qtp857025988-19] ERROR net.tokensmith.otter.controller.error.rest.ServerErrorRestResource - 
net.tokensmith.otter.dispatch.exception.ServerException: 
	at net.tokensmith.otter.dispatch.json.JsonRouteRun.executeResourceMethod(JsonRouteRun.java:231)
	at net.tokensmith.otter.dispatch.json.JsonRouteRun.process(JsonRouteRun.java:94)
	at net.tokensmith.otter.dispatch.json.JsonRouteRun.run(JsonRouteRun.java:69)
	at net.tokensmith.otter.router.Engine.found(Engine.java:82)
	at net.tokensmith.otter.router.Engine.route(Engine.java:43)
	at net.tokensmith.otter.gateway.servlet.ServletGateway.processRequest(ServletGateway.java:64)
	at net.tokensmith.otter.servlet.async.ReadListenerImpl.onAllDataRead(ReadListenerImpl.java:53)
	at org.eclipse.jetty.server.HttpInput.run(HttpInput.java:895)
	at org.eclipse.jetty.server.handler.ContextHandler.handle(ContextHandler.java:1392)
	at org.eclipse.jetty.server.HttpChannel.handle(HttpChannel.java:476)
	at org.eclipse.jetty.server.HttpConnection.onFillable(HttpConnection.java:268)
	at org.eclipse.jetty.io.AbstractConnection$ReadCallback.succeeded(AbstractConnection.java:311)
	at org.eclipse.jetty.io.FillInterest.fillable(FillInterest.java:103)
	at org.eclipse.jetty.io.ChannelEndPoint$2.run(ChannelEndPoint.java:117)
	at org.eclipse.jetty.util.thread.strategy.EatWhatYouKill.runTask(EatWhatYouKill.java:336)
	at org.eclipse.jetty.util.thread.strategy.EatWhatYouKill.doProduce(EatWhatYouKill.java:313)
	at org.eclipse.jetty.util.thread.strategy.EatWhatYouKill.tryProduce(EatWhatYouKill.java:171)
	at org.eclipse.jetty.util.thread.strategy.EatWhatYouKill.run(EatWhatYouKill.java:129)
	at org.eclipse.jetty.util.thread.ReservedThreadExecutor$ReservedThread.run(ReservedThreadExecutor.java:367)
	at org.eclipse.jetty.util.thread.QueuedThreadPool.runJob(QueuedThreadPool.java:782)
	at org.eclipse.jetty.util.thread.QueuedThreadPool$Runner.run(QueuedThreadPool.java:918)
	at java.base/java.lang.Thread.run(Thread.java:835)
Caused by: java.lang.RuntimeException: unexpected error
	at net.tokensmith.hello.controller.api.v2.BrokenRestResourceV2.get(BrokenRestResourceV2.java:14)
	at net.tokensmith.otter.dispatch.json.JsonRouteRun.execute(JsonRouteRun.java:257)
	at net.tokensmith.otter.dispatch.json.JsonRouteRun.executeResourceMethod(JsonRouteRun.java:205)
	... 21 more
[qtp857025988-18] ERROR net.tokensmith.otter.controller.error.rest.ServerErrorRestResource - 
net.tokensmith.otter.dispatch.exception.ServerException: 
	at net.tokensmith.otter.dispatch.json.JsonRouteRun.executeResourceMethod(JsonRouteRun.java:231)
	at net.tokensmith.otter.dispatch.json.JsonRouteRun.process(JsonRouteRun.java:94)
	at net.tokensmith.otter.dispatch.json.JsonRouteRun.run(JsonRouteRun.java:69)
	at net.tokensmith.otter.router.Engine.found(Engine.java:82)
	at net.tokensmith.otter.router.Engine.route(Engine.java:43)
	at net.tokensmith.otter.gateway.servlet.ServletGateway.processRequest(ServletGateway.java:64)
	at net.tokensmith.otter.servlet.async.ReadListenerImpl.onAllDataRead(ReadListenerImpl.java:53)
	at org.eclipse.jetty.server.HttpInput.run(HttpInput.java:895)
	at org.eclipse.jetty.server.handler.ContextHandler.handle(ContextHandler.java:1392)
	at org.eclipse.jetty.server.HttpChannel.handle(HttpChannel.java:476)
	at org.eclipse.jetty.server.HttpConnection.onFillable(HttpConnection.java:268)
	at org.eclipse.jetty.io.AbstractConnection$ReadCallback.succeeded(AbstractConnection.java:311)
	at org.eclipse.jetty.io.FillInterest.fillable(FillInterest.java:103)
	at org.eclipse.jetty.io.ChannelEndPoint$2.run(ChannelEndPoint.java:117)
	at org.eclipse.jetty.util.thread.strategy.EatWhatYouKill.runTask(EatWhatYouKill.java:336)
	at org.eclipse.jetty.util.thread.strategy.EatWhatYouKill.doProduce(EatWhatYouKill.java:313)
	at org.eclipse.jetty.util.thread.strategy.EatWhatYouKill.tryProduce(EatWhatYouKill.java:171)
	at org.eclipse.jetty.util.thread.strategy.EatWhatYouKill.run(EatWhatYouKill.java:129)
	at org.eclipse.jetty.util.thread.ReservedThreadExecutor$ReservedThread.run(ReservedThreadExecutor.java:367)
	at org.eclipse.jetty.util.thread.QueuedThreadPool.runJob(QueuedThreadPool.java:782)
	at org.eclipse.jetty.util.thread.QueuedThreadPool$Runner.run(QueuedThreadPool.java:918)
	at java.base/java.lang.Thread.run(Thread.java:835)
Caused by: java.lang.RuntimeException: unexpected error
	at net.tokensmith.hello.controller.api.v2.BrokenRestResourceV2.get(BrokenRestResourceV2.java:14)
	at net.tokensmith.otter.dispatch.json.JsonRouteRun.execute(JsonRouteRun.java:257)
	at net.tokensmith.otter.dispatch.json.JsonRouteRun.executeResourceMethod(JsonRouteRun.java:205)
	... 21 more
[qtp857025988-19] ERROR net.tokensmith.otter.controller.error.rest.ServerErrorRestResource - 
net.tokensmith.otter.dispatch.exception.ServerException: 
	at net.tokensmith.otter.dispatch.json.JsonRouteRun.executeResourceMethod(JsonRouteRun.java:231)
	at net.tokensmith.otter.dispatch.json.JsonRouteRun.process(JsonRouteRun.java:94)
	at net.tokensmith.otter.dispatch.json.JsonRouteRun.run(JsonRouteRun.java:69)
	at net.tokensmith.otter.router.Engine.found(Engine.java:82)
	at net.tokensmith.otter.router.Engine.route(Engine.java:43)
	at net.tokensmith.otter.gateway.servlet.ServletGateway.processRequest(ServletGateway.java:64)
	at net.tokensmith.otter.servlet.async.ReadListenerImpl.onAllDataRead(ReadListenerImpl.java:53)
	at org.eclipse.jetty.server.HttpInput.run(HttpInput.java:895)
	at org.eclipse.jetty.server.handler.ContextHandler.handle(ContextHandler.java:1392)
	at org.eclipse.jetty.server.HttpChannel.handle(HttpChannel.java:476)
	at org.eclipse.jetty.server.HttpConnection.onFillable(HttpConnection.java:268)
	at org.eclipse.jetty.io.AbstractConnection$ReadCallback.succeeded(AbstractConnection.java:311)
	at org.eclipse.jetty.io.FillInterest.fillable(FillInterest.java:103)
	at org.eclipse.jetty.io.ChannelEndPoint$2.run(ChannelEndPoint.java:117)
	at org.eclipse.jetty.util.thread.strategy.EatWhatYouKill.runTask(EatWhatYouKill.java:336)
	at org.eclipse.jetty.util.thread.strategy.EatWhatYouKill.doProduce(EatWhatYouKill.java:313)
	at org.eclipse.jetty.util.thread.strategy.EatWhatYouKill.tryProduce(EatWhatYouKill.java:171)
	at org.eclipse.jetty.util.thread.strategy.EatWhatYouKill.run(EatWhatYouKill.java:129)
	at org.eclipse.jetty.util.thread.ReservedThreadExecutor$ReservedThread.run(ReservedThreadExecutor.java:367)
	at org.eclipse.jetty.util.thread.QueuedThreadPool.runJob(QueuedThreadPool.java:782)
	at org.eclipse.jetty.util.thread.QueuedThreadPool$Runner.run(QueuedThreadPool.java:918)
	at java.base/java.lang.Thread.run(Thread.java:835)
Caused by: java.lang.RuntimeException: unexpected error
	at net.tokensmith.hello.controller.api.v2.BrokenRestResourceV2.get(BrokenRestResourceV2.java:14)
	at net.tokensmith.otter.dispatch.json.JsonRouteRun.execute(JsonRouteRun.java:257)
	at net.tokensmith.otter.dispatch.json.JsonRouteRun.executeResourceMethod(JsonRouteRun.java:205)
	... 21 more
[qtp857025988-18] ERROR net.tokensmith.otter.controller.error.rest.ServerErrorRestResource - 
net.tokensmith.otter.dispatch.exception.ServerException: 
	at net.tokensmith.otter.dispatch.json.JsonRouteRun.executeResourceMethod(JsonRouteRun.java:231)
	at net.tokensmith.otter.dispatch.json.JsonRouteRun.process(JsonRouteRun.java:94)
	at net.tokensmith.otter.dispatch.json.JsonRouteRun.run(JsonRouteRun.java:69)
	at net.tokensmith.otter.router.Engine.found(Engine.java:82)
	at net.tokensmith.otter.router.Engine.route(Engine.java:43)
	at net.tokensmith.otter.gateway.servlet.ServletGateway.processRequest(ServletGateway.java:64)
	at net.tokensmith.otter.servlet.async.ReadListenerImpl.onAllDataRead(ReadListenerImpl.java:53)
	at org.eclipse.jetty.server.HttpInput.run(HttpInput.java:895)
	at org.eclipse.jetty.server.handler.ContextHandler.handle(ContextHandler.java:1392)
	at org.eclipse.jetty.server.HttpChannel.handle(HttpChannel.java:476)
	at org.eclipse.jetty.server.HttpConnection.onFillable(HttpConnection.java:268)
	at org.eclipse.jetty.io.AbstractConnection$ReadCallback.succeeded(AbstractConnection.java:311)
	at org.eclipse.jetty.io.FillInterest.fillable(FillInterest.java:103)
	at org.eclipse.jetty.io.ChannelEndPoint$2.run(ChannelEndPoint.java:117)
	at org.eclipse.jetty.util.thread.strategy.EatWhatYouKill.runTask(EatWhatYouKill.java:336)
	at org.eclipse.jetty.util.thread.strategy.EatWhatYouKill.doProduce(EatWhatYouKill.java:313)
	at org.eclipse.jetty.util.thread.strategy.EatWhatYouKill.tryProduce(EatWhatYouKill.java:171)
	at org.eclipse.jetty.util.thread.strategy.EatWhatYouKill.run(EatWhatYouKill.java:129)
	at org.eclipse.jetty.util.thread.ReservedThreadExecutor$ReservedThread.run(ReservedThreadExecutor.java:367)
	at org.eclipse.jetty.util.thread.QueuedThreadPool.runJob(QueuedThreadPool.java:782)
	at org.eclipse.jetty.util.thread.QueuedThreadPool$Runner.run(QueuedThreadPool.java:918)
	at java.base/java.lang.Thread.run(Thread.java:835)
Caused by: java.lang.RuntimeException: unexpected error
	at net.tokensmith.hello.controller.api.v2.BrokenRestResourceV2.get(BrokenRestResourceV2.java:14)
	at net.tokensmith.otter.dispatch.json.JsonRouteRun.execute(JsonRouteRun.java:257)
	at net.tokensmith.otter.dispatch.json.JsonRouteRun.executeResourceMethod(JsonRouteRun.java:205)
	... 21 more
]]></system-err>
</testsuite>
