<?xml version="1.0" encoding="UTF-8"?>
<testsuite name="net.tokensmith.hello.controller.GoodByeResourceTest" tests="3" skipped="0" failures="0" errors="0" timestamp="2019-10-26T16:34:55" hostname="Toms-MBP" time="0.126">
  <properties/>
  <testcase name="getWhenNoContentTypeShouldReturn406" classname="net.tokensmith.hello.controller.GoodByeResourceTest" time="0.048"/>
  <testcase name="getWhenNoContentTypeShouldReturn415" classname="net.tokensmith.hello.controller.GoodByeResourceTest" time="0.042"/>
  <testcase name="getShouldReturn200" classname="net.tokensmith.hello.controller.GoodByeResourceTest" time="0.036"/>
  <system-out><![CDATA[]]></system-out>
  <system-err><![CDATA[[qtp857025988-18] INFO net.tokensmith.otter.controller.error.html.NotAcceptableResource - content-type: text/html; charset=utf-8;, possible content-type: [text/html; charset=utf-8;], accept: null/null;, possible accept: [text/html; charset=utf-8;]
[qtp857025988-16] INFO net.tokensmith.otter.controller.error.html.MediaTypeResource - content-type: null/null;, possible content-type: [text/html; charset=utf-8;], accept: null/null;, possible accept: [text/html; charset=utf-8;]
[qtp857025988-18] INFO net.tokensmith.hello.controller.html.GoodByeResource - good bye
]]></system-err>
</testsuite>
