<?xml version="1.0" encoding="UTF-8"?>
<testsuite name="net.tokensmith.hello.controller.NotFoundResourceTest" tests="1" skipped="0" failures="0" errors="0" timestamp="2019-10-26T16:34:55" hostname="Toms-MBP" time="0.004">
  <properties/>
  <testcase name="getWhenPathIsNotMappedShouldReturn404" classname="net.tokensmith.hello.controller.NotFoundResourceTest" time="0.004"/>
  <system-out><![CDATA[]]></system-out>
  <system-err><![CDATA[]]></system-err>
</testsuite>
