<?xml version="1.0" encoding="UTF-8"?>
<testsuite name="net.tokensmith.hello.controller.api.v2.HelloRestResourceTest" tests="5" skipped="0" failures="0" errors="0" timestamp="2019-10-26T16:34:54" hostname="Toms-MBP" time="0.216">
  <properties/>
  <testcase name="getWhenWrongContentTypeShouldReturnDefault415" classname="net.tokensmith.hello.controller.api.v2.HelloRestResourceTest" time="0.192"/>
  <testcase name="postShouldReturn201" classname="net.tokensmith.hello.controller.api.v2.HelloRestResourceTest" time="0.014"/>
  <testcase name="postShouldReturn400" classname="net.tokensmith.hello.controller.api.v2.HelloRestResourceTest" time="0.004"/>
  <testcase name="getShouldReturn200" classname="net.tokensmith.hello.controller.api.v2.HelloRestResourceTest" time="0.002"/>
  <testcase name="getShouldReturn404" classname="net.tokensmith.hello.controller.api.v2.HelloRestResourceTest" time="0.003"/>
  <system-out><![CDATA[]]></system-out>
  <system-err><![CDATA[]]></system-err>
</testsuite>
