<?xml version="1.0" encoding="UTF-8"?>
<testsuite name="net.tokensmith.hello.controller.HelloResourceTest" tests="2" skipped="0" failures="0" errors="0" timestamp="2019-10-26T16:34:55" hostname="Toms-MBP" time="0.539">
  <properties/>
  <testcase name="getWhenNoContentTypeShouldReturn200" classname="net.tokensmith.hello.controller.HelloResourceTest" time="0.535"/>
  <testcase name="getShouldReturn200" classname="net.tokensmith.hello.controller.HelloResourceTest" time="0.004"/>
  <system-out><![CDATA[]]></system-out>
  <system-err><![CDATA[[qtp857025988-18] INFO net.tokensmith.hello.controller.html.HelloResource - hello
[qtp857025988-16] INFO net.tokensmith.hello.controller.html.HelloResource - hello
]]></system-err>
</testsuite>
