<?xml version="1.0" encoding="UTF-8"?>
<testsuite name="net.tokensmith.hello.controller.LoginSetSessionResourceTest" tests="3" skipped="0" failures="0" errors="0" timestamp="2019-10-26T16:34:56" hostname="Toms-MBP" time="0.051">
  <properties/>
  <testcase name="postWhenCsrfAndNoSessionShouldReturn200" classname="net.tokensmith.hello.controller.LoginSetSessionResourceTest" time="0.045"/>
  <testcase name="postWhenNoCsrfCookieShouldReturn403" classname="net.tokensmith.hello.controller.LoginSetSessionResourceTest" time="0.002"/>
  <testcase name="getShouldReturn200" classname="net.tokensmith.hello.controller.LoginSetSessionResourceTest" time="0.004"/>
  <system-out><![CDATA[]]></system-out>
  <system-err><![CDATA[]]></system-err>
</testsuite>
