<?xml version="1.0" encoding="UTF-8"?>
<testsuite name="net.tokensmith.hello.controller.api.v3.BrokenRestResourceTest" tests="5" skipped="0" failures="0" errors="0" timestamp="2019-10-26T16:34:55" hostname="Toms-MBP" time="0.012">
  <properties/>
  <testcase name="getShouldBeServerError" classname="net.tokensmith.hello.controller.api.v3.BrokenRestResourceTest" time="0.003"/>
  <testcase name="patchShouldBeServerError" classname="net.tokensmith.hello.controller.api.v3.BrokenRestResourceTest" time="0.002"/>
  <testcase name="postShouldBeServerError" classname="net.tokensmith.hello.controller.api.v3.BrokenRestResourceTest" time="0.002"/>
  <testcase name="deleteShouldBeServerError" classname="net.tokensmith.hello.controller.api.v3.BrokenRestResourceTest" time="0.002"/>
  <testcase name="putShouldBeServerError" classname="net.tokensmith.hello.controller.api.v3.BrokenRestResourceTest" time="0.002"/>
  <system-out><![CDATA[]]></system-out>
  <system-err><![CDATA[]]></system-err>
</testsuite>
