<?xml version="1.0" encoding="UTF-8"?>
<testsuite name="net.tokensmith.hello.controller.ProtectedResourceTest" tests="4" skipped="0" failures="0" errors="0" timestamp="2019-10-26T16:34:56" hostname="Toms-MBP" time="0.01">
  <properties/>
  <testcase name="getWhenNoSessionShouldReturn401" classname="net.tokensmith.hello.controller.ProtectedResourceTest" time="0.003"/>
  <testcase name="postShouldReturn200" classname="net.tokensmith.hello.controller.ProtectedResourceTest" time="0.003"/>
  <testcase name="postWhenNoSessionShouldReturn403" classname="net.tokensmith.hello.controller.ProtectedResourceTest" time="0.002"/>
  <testcase name="getShouldReturn200" classname="net.tokensmith.hello.controller.ProtectedResourceTest" time="0.002"/>
  <system-out><![CDATA[]]></system-out>
  <system-err><![CDATA[]]></system-err>
</testsuite>
