<?xml version="1.0" encoding="UTF-8"?>
<testsuite name="net.tokensmith.hello.controller.AssetsTest" tests="2" skipped="0" failures="0" errors="0" timestamp="2019-10-26T16:34:56" hostname="Toms-MBP" time="0.009">
  <properties/>
  <testcase name="getJavaScriptShouldReturn200" classname="net.tokensmith.hello.controller.AssetsTest" time="0.006"/>
  <testcase name="getCssShouldReturn200" classname="net.tokensmith.hello.controller.AssetsTest" time="0.003"/>
  <system-out><![CDATA[]]></system-out>
  <system-err><![CDATA[]]></system-err>
</testsuite>
